<?xml version="1.0" encoding="UTF-8"?>
<testsuite xmlns:xsi="http://www.w3.org/2001/XMLSchema-instance" xsi:noNamespaceSchemaLocation="https://maven.apache.org/surefire/maven-surefire-plugin/xsd/surefire-test-report.xsd" name="com.pranjal.wsclient.AppTest" time="0.028" tests="1" errors="0" skipped="0" failures="0">
  <properties>
    <property name="java.specification.version" value="14"/>
    <property name="sun.cpu.isalist" value="amd64"/>
    <property name="sun.jnu.encoding" value="Cp1252"/>
    <property name="java.class.path" value="D:\Eclipse\wsclient\target\test-classes;D:\Eclipse\wsclient\target\classes;C:\Users\pranj\.m2\repository\org\junit\jupiter\junit-jupiter-api\5.7.0\junit-jupiter-api-5.7.0.jar;C:\Users\pranj\.m2\repository\org\apiguardian\apiguardian-api\1.1.0\apiguardian-api-1.1.0.jar;C:\Users\pranj\.m2\repository\org\opentest4j\opentest4j\1.2.0\opentest4j-1.2.0.jar;C:\Users\pranj\.m2\repository\org\junit\platform\junit-platform-commons\1.7.0\junit-platform-commons-1.7.0.jar;C:\Users\pranj\.m2\repository\org\junit\jupiter\junit-jupiter-engine\5.7.0\junit-jupiter-engine-5.7.0.jar;C:\Users\pranj\.m2\repository\org\junit\platform\junit-platform-engine\1.7.0\junit-platform-engine-1.7.0.jar;C:\Users\pranj\.m2\repository\javax\websocket\javax.websocket-api\1.0\javax.websocket-api-1.0.jar;C:\Users\pranj\.m2\repository\org\glassfish\tyrus\tyrus-server\1.1\tyrus-server-1.1.jar;C:\Users\pranj\.m2\repository\org\glassfish\tyrus\tyrus-core\1.1\tyrus-core-1.1.jar;C:\Users\pranj\.m2\repository\org\glassfish\tyrus\tyrus-spi\1.1\tyrus-spi-1.1.jar;C:\Users\pranj\.m2\repository\org\glassfish\tyrus\tyrus-websocket-core\1.1\tyrus-websocket-core-1.1.jar;C:\Users\pranj\.m2\repository\org\glassfish\tyrus\tyrus-client\1.1\tyrus-client-1.1.jar;C:\Users\pranj\.m2\repository\org\java-websocket\Java-WebSocket\1.5.1\Java-WebSocket-1.5.1.jar;C:\Users\pranj\.m2\repository\org\slf4j\slf4j-api\1.7.25\slf4j-api-1.7.25.jar;C:\Users\pranj\.m2\repository\org\glassfish\tyrus\tyrus-container-grizzly\1.1\tyrus-container-grizzly-1.1.jar;C:\Users\pranj\.m2\repository\org\glassfish\grizzly\grizzly-framework\2.3.3\grizzly-framework-2.3.3.jar;C:\Users\pranj\.m2\repository\org\glassfish\grizzly\grizzly-http-server\2.3.3\grizzly-http-server-2.3.3.jar;C:\Users\pranj\.m2\repository\org\glassfish\grizzly\grizzly-http\2.3.3\grizzly-http-2.3.3.jar;C:\Users\pranj\.m2\repository\org\glassfish\grizzly\grizzly-rcm\2.3.3\grizzly-rcm-2.3.3.jar;C:\Users\pranj\.m2\repository\com\googlecode\json-simple\json-simple\1.1.1\json-simple-1.1.1.jar;C:\Users\pranj\.m2\repository\junit\junit\4.10\junit-4.10.jar;C:\Users\pranj\.m2\repository\org\hamcrest\hamcrest-core\1.1\hamcrest-core-1.1.jar;"/>
    <property name="java.vm.vendor" value="Oracle Corporation"/>
    <property name="sun.arch.data.model" value="64"/>
    <property name="user.variant" value=""/>
    <property name="java.vendor.url" value="https://java.oracle.com/"/>
    <property name="user.timezone" value="Asia/Calcutta"/>
    <property name="os.name" value="Windows 10"/>
    <property name="java.vm.specification.version" value="14"/>
    <property name="sun.java.launcher" value="SUN_STANDARD"/>
    <property name="user.country" value="IN"/>
    <property name="sun.boot.library.path" value="C:\Program Files\Java\jdk-14.0.1\bin"/>
    <property name="sun.java.command" value="C:\Users\pranj\AppData\Local\Temp\surefire3672342846127941573\surefirebooter4185376299584628539.jar C:\Users\pranj\AppData\Local\Temp\surefire3672342846127941573 2021-04-20T06-53-16_808-jvmRun1 surefire10468164431916136051tmp surefire_012172378513882183203tmp"/>
    <property name="jdk.debug" value="release"/>
    <property name="surefire.test.class.path" value="D:\Eclipse\wsclient\target\test-classes;D:\Eclipse\wsclient\target\classes;C:\Users\pranj\.m2\repository\org\junit\jupiter\junit-jupiter-api\5.7.0\junit-jupiter-api-5.7.0.jar;C:\Users\pranj\.m2\repository\org\apiguardian\apiguardian-api\1.1.0\apiguardian-api-1.1.0.jar;C:\Users\pranj\.m2\repository\org\opentest4j\opentest4j\1.2.0\opentest4j-1.2.0.jar;C:\Users\pranj\.m2\repository\org\junit\platform\junit-platform-commons\1.7.0\junit-platform-commons-1.7.0.jar;C:\Users\pranj\.m2\repository\org\junit\jupiter\junit-jupiter-engine\5.7.0\junit-jupiter-engine-5.7.0.jar;C:\Users\pranj\.m2\repository\org\junit\platform\junit-platform-engine\1.7.0\junit-platform-engine-1.7.0.jar;C:\Users\pranj\.m2\repository\javax\websocket\javax.websocket-api\1.0\javax.websocket-api-1.0.jar;C:\Users\pranj\.m2\repository\org\glassfish\tyrus\tyrus-server\1.1\tyrus-server-1.1.jar;C:\Users\pranj\.m2\repository\org\glassfish\tyrus\tyrus-core\1.1\tyrus-core-1.1.jar;C:\Users\pranj\.m2\repository\org\glassfish\tyrus\tyrus-spi\1.1\tyrus-spi-1.1.jar;C:\Users\pranj\.m2\repository\org\glassfish\tyrus\tyrus-websocket-core\1.1\tyrus-websocket-core-1.1.jar;C:\Users\pranj\.m2\repository\org\glassfish\tyrus\tyrus-client\1.1\tyrus-client-1.1.jar;C:\Users\pranj\.m2\repository\org\java-websocket\Java-WebSocket\1.5.1\Java-WebSocket-1.5.1.jar;C:\Users\pranj\.m2\repository\org\slf4j\slf4j-api\1.7.25\slf4j-api-1.7.25.jar;C:\Users\pranj\.m2\repository\org\glassfish\tyrus\tyrus-container-grizzly\1.1\tyrus-container-grizzly-1.1.jar;C:\Users\pranj\.m2\repository\org\glassfish\grizzly\grizzly-framework\2.3.3\grizzly-framework-2.3.3.jar;C:\Users\pranj\.m2\repository\org\glassfish\grizzly\grizzly-http-server\2.3.3\grizzly-http-server-2.3.3.jar;C:\Users\pranj\.m2\repository\org\glassfish\grizzly\grizzly-http\2.3.3\grizzly-http-2.3.3.jar;C:\Users\pranj\.m2\repository\org\glassfish\grizzly\grizzly-rcm\2.3.3\grizzly-rcm-2.3.3.jar;C:\Users\pranj\.m2\repository\com\googlecode\json-simple\json-simple\1.1.1\json-simple-1.1.1.jar;C:\Users\pranj\.m2\repository\junit\junit\4.10\junit-4.10.jar;C:\Users\pranj\.m2\repository\org\hamcrest\hamcrest-core\1.1\hamcrest-core-1.1.jar;"/>
    <property name="sun.cpu.endian" value="little"/>
    <property name="user.home" value="C:\Users\pranj"/>
    <property name="user.language" value="en"/>
    <property name="java.specification.vendor" value="Oracle Corporation"/>
    <property name="java.version.date" value="2020-04-14"/>
    <property name="java.home" value="C:\Program Files\Java\jdk-14.0.1"/>
    <property name="file.separator" value="\"/>
    <property name="basedir" value="D:\Eclipse\wsclient"/>
    <property name="java.vm.compressedOopsMode" value="32-bit"/>
    <property name="line.separator" value="&#10;"/>
    <property name="java.vm.specification.vendor" value="Oracle Corporation"/>
    <property name="java.specification.name" value="Java Platform API Specification"/>
    <property name="surefire.real.class.path" value="C:\Users\pranj\AppData\Local\Temp\surefire3672342846127941573\surefirebooter4185376299584628539.jar"/>
    <property name="user.script" value=""/>
    <property name="sun.management.compiler" value="HotSpot 64-Bit Tiered Compilers"/>
    <property name="java.runtime.version" value="14.0.1+7"/>
    <property name="user.name" value="Pranjal"/>
    <property name="path.separator" value=";"/>
    <property name="os.version" value="10.0"/>
    <property name="java.runtime.name" value="Java(TM) SE Runtime Environment"/>
    <property name="file.encoding" value="Cp1252"/>
    <property name="java.vm.name" value="Java HotSpot(TM) 64-Bit Server VM"/>
    <property name="localRepository" value="C:\Users\pranj\.m2\repository"/>
    <property name="java.vendor.url.bug" value="https://bugreport.java.com/bugreport/"/>
    <property name="java.io.tmpdir" value="C:\Users\pranj\AppData\Local\Temp\"/>
    <property name="java.version" value="14.0.1"/>
    <property name="user.dir" value="D:\Eclipse\wsclient"/>
    <property name="os.arch" value="amd64"/>
    <property name="java.vm.specification.name" value="Java Virtual Machine Specification"/>
    <property name="sun.os.patch.level" value=""/>
    <property name="java.library.path" value="C:\Program Files\Java\jdk-14.0.1\bin;C:\WINDOWS\Sun\Java\bin;C:\WINDOWS\system32;C:\WINDOWS;C:/Program Files/Java/jdk-14.0.1/bin/server;C:/Program Files/Java/jdk-14.0.1/bin;C:\oraclexe\app\oracle\product\11.2.0\server\bin;;C:\windows\system32;C:\windows;C:\windows\System32\Wbem;C:\windows\System32\WindowsPowerShell\v1.0\;C:\windows\System32\OpenSSH\;C:\Program Files (x86)\NVIDIA Corporation\PhysX\Common;C:\Program Files\NVIDIA Corporation\NVIDIA NvDLISR;C:\Program Files\Java\jdk-14.0.1\bin;C:\Program Files\PuTTY\;C:\Program Files\Git\cmd;C:\Program Files\nodejs\;%SystemRoot%\system32;%SystemRoot%;%SystemRoot%\System32\Wbem;%SYSTEMROOT%\System32\WindowsPowerShell\v1.0\;%SYSTEMROOT%\System32\OpenSSH\;C:\Users\pranj\AppData\Local\Microsoft\WindowsApps;C:\Users\pranj\AppData\Roaming\npm;C:\Program Files\MongoDB\Server\4.4\bin;C:\sqlite;C:\Users\pranj\AppData\Local\Microsoft\WindowsApps;C:\Users\pranj\AppData\Local\Programs\Microsoft VS Code\bin;D:\Eclipse\eclipse-java-2020-06-R-win32-x86_64\eclipse;;."/>
    <property name="java.vm.info" value="mixed mode, sharing"/>
    <property name="java.vendor" value="Oracle Corporation"/>
    <property name="java.vm.version" value="14.0.1+7"/>
    <property name="sun.io.unicode.encoding" value="UnicodeLittle"/>
    <property name="java.class.version" value="58.0"/>
  </properties>
  <testcase name="shouldAnswerWithTrue" classname="com.pranjal.wsclient.AppTest" time="0.021"/>
</testsuite>